<?xml version="1.0" encoding="utf-8"?>
<TestRun id="50eb94e4-05d9-4f2c-aea1-79c63a961b23" name="catal@DESKTOP-IDNKB8Q 2023-03-15 17:29:11" runUser="DESKTOP-IDNKB8Q\catal" xmlns="http://microsoft.com/schemas/VisualStudio/TeamTest/2010">
  <Times creation="2023-03-15T17:29:11.1819566+02:00" queuing="2023-03-15T17:29:11.1819570+02:00" start="2023-03-15T17:29:08.1745654+02:00" finish="2023-03-15T17:29:11.1920960+02:00" />
  <TestSettings name="default" id="a97eb0fa-0118-4f7e-8f2a-ab35a8ed6892">
    <Deployment runDeploymentRoot="catal_DESKTOP-IDNKB8Q_2023-03-15_17_29_11" />
  </TestSettings>
  <Results>
    <UnitTestResult executionId="a34d597f-d095-45f1-aecc-910a72ea5ab0" testId="57853359-a63c-8a0a-23ab-005cd6321844" testName="TrackYourLifeDotnet.Infrastructure.UnitTests.Services.AuthServiceTests.Test1" computerName="DESKTOP-IDNKB8Q" duration="00:00:00.0025358" startTime="2023-03-15T17:29:10.9302724+02:00" endTime="2023-03-15T17:29:10.9303041+02:00" testType="13cdc9d9-ddb5-4fa4-a97d-d965ccfc6d4b" outcome="Passed" testListId="8c84fa94-04c1-424b-9868-57a2d4851a1d" relativeResultsDirectory="a34d597f-d095-45f1-aecc-910a72ea5ab0" />
    <UnitTestResult executionId="abc3cf85-760d-4f6b-a429-01ad34cfa58b" testId="2bc264eb-e538-5efc-0cc0-4ddb3eef2cad" testName="TrackYourLifeDotnet.Infrastructure.UnitTests.Services.AuthServiceTests_old.RefreshUserAuthTokens_ReturnsTheTokens_WhenTheRefreshTokenOfUserExists" computerName="DESKTOP-IDNKB8Q" duration="00:00:00.1282979" startTime="2023-03-15T17:29:11.0412129+02:00" endTime="2023-03-15T17:29:11.0412132+02:00" testType="13cdc9d9-ddb5-4fa4-a97d-d965ccfc6d4b" outcome="Passed" testListId="8c84fa94-04c1-424b-9868-57a2d4851a1d" relativeResultsDirectory="abc3cf85-760d-4f6b-a429-01ad34cfa58b" />
  </Results>
  <TestDefinitions>
    <UnitTest name="TrackYourLifeDotnet.Infrastructure.UnitTests.Services.AuthServiceTests.Test1" storage="e:\trackyourlifedotnet\tests\infrastructure.unittests\bin\debug\net7.0\trackyourlifedotnet.infrastructure.unittests.dll" id="57853359-a63c-8a0a-23ab-005cd6321844">
      <Execution id="a34d597f-d095-45f1-aecc-910a72ea5ab0" />
      <TestMethod codeBase="E:\TrackYourLifeDotnet\tests\Infrastructure.UnitTests\bin\Debug\net7.0\TrackYourLifeDotnet.Infrastructure.UnitTests.dll" adapterTypeName="executor://xunit/VsTestRunner2/netcoreapp" className="TrackYourLifeDotnet.Infrastructure.UnitTests.Services.AuthServiceTests" name="Test1" />
    </UnitTest>
    <UnitTest name="TrackYourLifeDotnet.Infrastructure.UnitTests.Services.AuthServiceTests_old.RefreshUserAuthTokens_ReturnsTheTokens_WhenTheRefreshTokenOfUserExists" storage="e:\trackyourlifedotnet\tests\infrastructure.unittests\bin\debug\net7.0\trackyourlifedotnet.infrastructure.unittests.dll" id="2bc264eb-e538-5efc-0cc0-4ddb3eef2cad">
      <Execution id="abc3cf85-760d-4f6b-a429-01ad34cfa58b" />
      <TestMethod codeBase="E:\TrackYourLifeDotnet\tests\Infrastructure.UnitTests\bin\Debug\net7.0\TrackYourLifeDotnet.Infrastructure.UnitTests.dll" adapterTypeName="executor://xunit/VsTestRunner2/netcoreapp" className="TrackYourLifeDotnet.Infrastructure.UnitTests.Services.AuthServiceTests_old" name="RefreshUserAuthTokens_ReturnsTheTokens_WhenTheRefreshTokenOfUserExists" />
    </UnitTest>
  </TestDefinitions>
  <TestEntries>
    <TestEntry testId="57853359-a63c-8a0a-23ab-005cd6321844" executionId="a34d597f-d095-45f1-aecc-910a72ea5ab0" testListId="8c84fa94-04c1-424b-9868-57a2d4851a1d" />
    <TestEntry testId="2bc264eb-e538-5efc-0cc0-4ddb3eef2cad" executionId="abc3cf85-760d-4f6b-a429-01ad34cfa58b" testListId="8c84fa94-04c1-424b-9868-57a2d4851a1d" />
  </TestEntries>
  <TestLists>
    <TestList name="Results Not in a List" id="8c84fa94-04c1-424b-9868-57a2d4851a1d" />
    <TestList name="All Loaded Results" id="19431567-8539-422a-85d7-44ee4e166bda" />
  </TestLists>
  <ResultSummary outcome="Completed">
    <Counters total="2" executed="2" passed="2" failed="0" error="0" timeout="0" aborted="0" inconclusive="0" passedButRunAborted="0" notRunnable="0" notExecuted="0" disconnected="0" warning="0" completed="0" inProgress="0" pending="0" />
    <Output>
      <StdOut>[xUnit.net 00:00:00.00] xUnit.net VSTest Adapter v2.4.5+1caef2f33e (64-bit .NET 7.0.2)&#xD;
[xUnit.net 00:00:01.74]   Discovering: TrackYourLifeDotnet.Infrastructure.UnitTests&#xD;
[xUnit.net 00:00:01.78]   Discovered:  TrackYourLifeDotnet.Infrastructure.UnitTests&#xD;
[xUnit.net 00:00:01.79]   Starting:    TrackYourLifeDotnet.Infrastructure.UnitTests&#xD;
[xUnit.net 00:00:01.97]   Finished:    TrackYourLifeDotnet.Infrastructure.UnitTests&#xD;
</StdOut>
    </Output>
  </ResultSummary>
</TestRun>